{"/home/wambui/Development/code/phase-3/project-structure/src/bst-node.js": {"path":"/home/wambui/Development/code/phase-3/project-structure/src/bst-node.js","statementMap":{"0":{"start":{"line":3,"column":6},"end":{"line":3,"column":23}},"1":{"start":{"line":4,"column":6},"end":{"line":4,"column":23}},"2":{"start":{"line":5,"column":6},"end":{"line":5,"column":24}}},"fnMap":{"0":{"name":"(anonymous_0)","decl":{"start":{"line":2,"column":4},"end":{"line":2,"column":5}},"loc":{"start":{"line":2,"column":22},"end":{"line":6,"column":5}},"line":2}},"branchMap":{},"s":{"0":6,"1":6,"2":6},"f":{"0":6},"b":{},"_coverageSchema":"43e27e138ebf9cfc5966b082cf9a028302ed4184","hash":"6079e15f7d7b3963bb915f1e73cf10e4d2e4b0ce"}
,"/home/wambui/Development/code/phase-3/project-structure/src/bst.js": {"path":"/home/wambui/Development/code/phase-3/project-structure/src/bst.js","statementMap":{"0":{"start":{"line":3,"column":6},"end":{"line":3,"column":23}},"1":{"start":{"line":7,"column":6},"end":{"line":13,"column":7}},"2":{"start":{"line":8,"column":8},"end":{"line":8,"column":25}},"3":{"start":{"line":9,"column":13},"end":{"line":13,"column":7}},"4":{"start":{"line":10,"column":8},"end":{"line":10,"column":30}},"5":{"start":{"line":11,"column":13},"end":{"line":13,"column":7}},"6":{"start":{"line":12,"column":8},"end":{"line":12,"column":31}}},"fnMap":{"0":{"name":"(anonymous_0)","decl":{"start":{"line":2,"column":4},"end":{"line":2,"column":5}},"loc":{"start":{"line":2,"column":18},"end":{"line":4,"column":5}},"line":2},"1":{"name":"(anonymous_1)","decl":{"start":{"line":6,"column":4},"end":{"line":6,"column":5}},"loc":{"start":{"line":6,"column":17},"end":{"line":14,"column":5}},"line":6}},"branchMap":{"0":{"loc":{"start":{"line":7,"column":6},"end":{"line":13,"column":7}},"type":"if","locations":[{"start":{"line":7,"column":6},"end":{"line":13,"column":7}},{"start":{"line":7,"column":6},"end":{"line":13,"column":7}}],"line":7},"1":{"loc":{"start":{"line":9,"column":13},"end":{"line":13,"column":7}},"type":"if","locations":[{"start":{"line":9,"column":13},"end":{"line":13,"column":7}},{"start":{"line":9,"column":13},"end":{"line":13,"column":7}}],"line":9},"2":{"loc":{"start":{"line":11,"column":13},"end":{"line":13,"column":7}},"type":"if","locations":[{"start":{"line":11,"column":13},"end":{"line":13,"column":7}},{"start":{"line":11,"column":13},"end":{"line":13,"column":7}}],"line":11}},"s":{"0":4,"1":5,"2":3,"3":2,"4":1,"5":1,"6":1},"f":{"0":4,"1":5},"b":{"0":[3,2],"1":[1,1],"2":[1,0]},"_coverageSchema":"43e27e138ebf9cfc5966b082cf9a028302ed4184","hash":"b17dc09752c9cdd233f8f00ffff009f0e64463ef"}
}
